<?xml version="1.0" encoding="UTF-8"?>
<testsuites>
  <testsuite name="CLI Arguments" tests="74" assertions="489" errors="0" failures="0" skipped="0" time="2.959845">
    <testsuite name="Tests\Unit\AdvancedCoverageExpansionTest" file="Advanced Coverage Expansion (P\Tests\Unit\AdvancedCoverageExpansion)" tests="8" assertions="71" errors="0" failures="0" skipped="0" time="2.464855">
      <testcase name="`Export Module Comprehensive Coverage` → PostmanExporter comprehensive functionality" file="Advanced Coverage Expansion (P\Tests\Unit\AdvancedCoverageExpansion)::`Export Module Comprehensive Coverage` → PostmanExporter comprehensive functionality" class="Tests\Unit\AdvancedCoverageExpansionTest" classname="Tests.Unit.AdvancedCoverageExpansionTest" assertions="2" time="0.025373"/>
      <testcase name="`Middleware Module Comprehensive Coverage` → CacheMiddleware comprehensive functionality" file="Advanced Coverage Expansion (P\Tests\Unit\AdvancedCoverageExpansion)::`Middleware Module Comprehensive Coverage` → CacheMiddleware comprehensive functionality" class="Tests\Unit\AdvancedCoverageExpansionTest" classname="Tests.Unit.AdvancedCoverageExpansionTest" assertions="6" time="0.012450"/>
      <testcase name="`Cache Drivers Comprehensive Coverage` → MemoryCacheDriver comprehensive functionality" file="Advanced Coverage Expansion (P\Tests\Unit\AdvancedCoverageExpansion)::`Cache Drivers Comprehensive Coverage` → MemoryCacheDriver comprehensive functionality" class="Tests\Unit\AdvancedCoverageExpansionTest" classname="Tests.Unit.AdvancedCoverageExpansionTest" assertions="18" time="0.002580"/>
      <testcase name="`Export Module Comprehensive Coverage` → ExportManager comprehensive functionality" file="Advanced Coverage Expansion (P\Tests\Unit\AdvancedCoverageExpansion)::`Export Module Comprehensive Coverage` → ExportManager comprehensive functionality" class="Tests\Unit\AdvancedCoverageExpansionTest" classname="Tests.Unit.AdvancedCoverageExpansionTest" assertions="16" time="0.004060"/>
      <testcase name="`Middleware Module Comprehensive Coverage` → DocsAccessMiddleware comprehensive functionality" file="Advanced Coverage Expansion (P\Tests\Unit\AdvancedCoverageExpansion)::`Middleware Module Comprehensive Coverage` → DocsAccessMiddleware comprehensive functionality" class="Tests\Unit\AdvancedCoverageExpansionTest" classname="Tests.Unit.AdvancedCoverageExpansionTest" assertions="4" time="0.001924"/>
      <testcase name="`Export Module Comprehensive Coverage` → InsomniaExporter comprehensive functionality" file="Advanced Coverage Expansion (P\Tests\Unit\AdvancedCoverageExpansion)::`Export Module Comprehensive Coverage` → InsomniaExporter comprehensive functionality" class="Tests\Unit\AdvancedCoverageExpansionTest" classname="Tests.Unit.AdvancedCoverageExpansionTest" assertions="2" time="0.001285"/>
      <testcase name="`Controller Module Comprehensive Coverage` → DocsController comprehensive functionality" file="Advanced Coverage Expansion (P\Tests\Unit\AdvancedCoverageExpansion)::`Controller Module Comprehensive Coverage` → DocsController comprehensive functionality" class="Tests\Unit\AdvancedCoverageExpansionTest" classname="Tests.Unit.AdvancedCoverageExpansionTest" assertions="8" time="0.400004"/>
      <testcase name="`Cache Drivers Comprehensive Coverage` → FileCacheDriver comprehensive functionality" file="Advanced Coverage Expansion (P\Tests\Unit\AdvancedCoverageExpansion)::`Cache Drivers Comprehensive Coverage` → FileCacheDriver comprehensive functionality" class="Tests\Unit\AdvancedCoverageExpansionTest" classname="Tests.Unit.AdvancedCoverageExpansionTest" assertions="15" time="2.017178"/>
    </testsuite>
    <testsuite name="Tests\Unit\ContinuousCoverageBoostTest" file="Continuous Coverage Boost (P\Tests\Unit\ContinuousCoverageBoost)" tests="11" assertions="98" errors="0" failures="0" skipped="0" time="0.078150">
      <testcase name="`Analyzer Module Deep Coverage` → AnnotationParser comprehensive functionality" file="Continuous Coverage Boost (P\Tests\Unit\ContinuousCoverageBoost)::`Analyzer Module Deep Coverage` → AnnotationParser comprehensive functionality" class="Tests\Unit\ContinuousCoverageBoostTest" classname="Tests.Unit.ContinuousCoverageBoostTest" assertions="3" time="0.013902"/>
      <testcase name="`Generator Module Deep Coverage` → SchemaGenerator comprehensive functionality" file="Continuous Coverage Boost (P\Tests\Unit\ContinuousCoverageBoost)::`Generator Module Deep Coverage` → SchemaGenerator comprehensive functionality" class="Tests\Unit\ContinuousCoverageBoostTest" classname="Tests.Unit.ContinuousCoverageBoostTest" assertions="8" time="0.000785"/>
      <testcase name="`Generator Module Deep Coverage` → ParameterExtractor comprehensive functionality" file="Continuous Coverage Boost (P\Tests\Unit\ContinuousCoverageBoost)::`Generator Module Deep Coverage` → ParameterExtractor comprehensive functionality" class="Tests\Unit\ContinuousCoverageBoostTest" classname="Tests.Unit.ContinuousCoverageBoostTest" assertions="7" time="0.000983"/>
      <testcase name="`Generator Module Deep Coverage` → ResponseGenerator comprehensive functionality" file="Continuous Coverage Boost (P\Tests\Unit\ContinuousCoverageBoost)::`Generator Module Deep Coverage` → ResponseGenerator comprehensive functionality" class="Tests\Unit\ContinuousCoverageBoostTest" classname="Tests.Unit.ContinuousCoverageBoostTest" assertions="8" time="0.001143"/>
      <testcase name="`Service Module Deep Coverage` → CommandService comprehensive functionality" file="Continuous Coverage Boost (P\Tests\Unit\ContinuousCoverageBoost)::`Service Module Deep Coverage` → CommandService comprehensive functionality" class="Tests\Unit\ContinuousCoverageBoostTest" classname="Tests.Unit.ContinuousCoverageBoostTest" assertions="3" time="0.003986"/>
      <testcase name="`Service Module Deep Coverage` → ScrambleService comprehensive functionality" file="Continuous Coverage Boost (P\Tests\Unit\ContinuousCoverageBoost)::`Service Module Deep Coverage` → ScrambleService comprehensive functionality" class="Tests\Unit\ContinuousCoverageBoostTest" classname="Tests.Unit.ContinuousCoverageBoostTest" assertions="19" time="0.003129"/>
      <testcase name="`Service Module Deep Coverage` → Container service comprehensive functionality" file="Continuous Coverage Boost (P\Tests\Unit\ContinuousCoverageBoost)::`Service Module Deep Coverage` → Container service comprehensive functionality" class="Tests\Unit\ContinuousCoverageBoostTest" classname="Tests.Unit.ContinuousCoverageBoostTest" assertions="4" time="0.002927"/>
      <testcase name="`Analyzer Module Deep Coverage` → ReflectionAnalyzer comprehensive functionality" file="Continuous Coverage Boost (P\Tests\Unit\ContinuousCoverageBoost)::`Analyzer Module Deep Coverage` → ReflectionAnalyzer comprehensive functionality" class="Tests\Unit\ContinuousCoverageBoostTest" classname="Tests.Unit.ContinuousCoverageBoostTest" assertions="12" time="0.002449"/>
      <testcase name="`Generator Module Deep Coverage` → DocumentBuilder comprehensive functionality" file="Continuous Coverage Boost (P\Tests\Unit\ContinuousCoverageBoost)::`Generator Module Deep Coverage` → DocumentBuilder comprehensive functionality" class="Tests\Unit\ContinuousCoverageBoostTest" classname="Tests.Unit.ContinuousCoverageBoostTest" assertions="20" time="0.002560"/>
      <testcase name="`Analyzer Module Deep Coverage` → AstParser comprehensive functionality" file="Continuous Coverage Boost (P\Tests\Unit\ContinuousCoverageBoost)::`Analyzer Module Deep Coverage` → AstParser comprehensive functionality" class="Tests\Unit\ContinuousCoverageBoostTest" classname="Tests.Unit.ContinuousCoverageBoostTest" assertions="6" time="0.011627"/>
      <testcase name="`Analyzer Module Deep Coverage` → CodeAnalyzer comprehensive functionality" file="Continuous Coverage Boost (P\Tests\Unit\ContinuousCoverageBoost)::`Analyzer Module Deep Coverage` → CodeAnalyzer comprehensive functionality" class="Tests\Unit\ContinuousCoverageBoostTest" classname="Tests.Unit.ContinuousCoverageBoostTest" assertions="8" time="0.034659"/>
    </testsuite>
    <testsuite name="Tests\Unit\PeakSprint36BreakthroughTest" file="Peak Sprint36Breakthrough (P\Tests\Unit\PeakSprint36Breakthrough)" tests="19" assertions="64" errors="0" failures="0" skipped="0" time="0.066237">
      <testcase name="`Performance Module Zero Coverage Breakthrough` → FileChangeDetector constructor and basic functionality" file="Peak Sprint36Breakthrough (P\Tests\Unit\PeakSprint36Breakthrough)::`Performance Module Zero Coverage Breakthrough` → FileChangeDetector constructor and basic functionality" class="Tests\Unit\PeakSprint36BreakthroughTest" classname="Tests.Unit.PeakSprint36BreakthroughTest" assertions="1" time="0.004568"/>
      <testcase name="`Watcher Module Coverage Breakthrough` → FileWatcher constructor and basic setup" file="Peak Sprint36Breakthrough (P\Tests\Unit\PeakSprint36Breakthrough)::`Watcher Module Coverage Breakthrough` → FileWatcher constructor and basic setup" class="Tests\Unit\PeakSprint36BreakthroughTest" classname="Tests.Unit.PeakSprint36BreakthroughTest" assertions="1" time="0.000766"/>
      <testcase name="`Plugin System Enhanced Coverage` → HookManager advanced hook operations" file="Peak Sprint36Breakthrough (P\Tests\Unit\PeakSprint36Breakthrough)::`Plugin System Enhanced Coverage` → HookManager advanced hook operations" class="Tests\Unit\PeakSprint36BreakthroughTest" classname="Tests.Unit.PeakSprint36BreakthroughTest" assertions="4" time="0.001450"/>
      <testcase name="`Critical Coverage Breakthrough - Generator Modules` → SecuritySchemeGenerator comprehensive security generation" file="Peak Sprint36Breakthrough (P\Tests\Unit\PeakSprint36Breakthrough)::`Critical Coverage Breakthrough - Generator Modules` → SecuritySchemeGenerator comprehensive security generation" class="Tests\Unit\PeakSprint36BreakthroughTest" classname="Tests.Unit.PeakSprint36BreakthroughTest" assertions="2" time="0.000730"/>
      <testcase name="`Performance Module Zero Coverage Breakthrough` → FileChangeDetector getFileHash with various file types" file="Peak Sprint36Breakthrough (P\Tests\Unit\PeakSprint36Breakthrough)::`Performance Module Zero Coverage Breakthrough` → FileChangeDetector getFileHash with various file types" class="Tests\Unit\PeakSprint36BreakthroughTest" classname="Tests.Unit.PeakSprint36BreakthroughTest" assertions="3" time="0.000647"/>
      <testcase name="`Performance Module Zero Coverage Breakthrough` → PerformanceMonitor memory tracking functionality" file="Peak Sprint36Breakthrough (P\Tests\Unit\PeakSprint36Breakthrough)::`Performance Module Zero Coverage Breakthrough` → PerformanceMonitor memory tracking functionality" class="Tests\Unit\PeakSprint36BreakthroughTest" classname="Tests.Unit.PeakSprint36BreakthroughTest" assertions="2" time="0.001367"/>
      <testcase name="`Watcher Module Coverage Breakthrough` → FileWatcher addDirectory and configuration" file="Peak Sprint36Breakthrough (P\Tests\Unit\PeakSprint36Breakthrough)::`Watcher Module Coverage Breakthrough` → FileWatcher addDirectory and configuration" class="Tests\Unit\PeakSprint36BreakthroughTest" classname="Tests.Unit.PeakSprint36BreakthroughTest" assertions="3" time="0.001257"/>
      <testcase name="`Watcher Module Coverage Breakthrough` → FileWatcher change detection and callbacks" file="Peak Sprint36Breakthrough (P\Tests\Unit\PeakSprint36Breakthrough)::`Watcher Module Coverage Breakthrough` → FileWatcher change detection and callbacks" class="Tests\Unit\PeakSprint36BreakthroughTest" classname="Tests.Unit.PeakSprint36BreakthroughTest" assertions="3" time="0.000566"/>
      <testcase name="`Watcher Module Coverage Breakthrough` → FileWatcher start and stop functionality" file="Peak Sprint36Breakthrough (P\Tests\Unit\PeakSprint36Breakthrough)::`Watcher Module Coverage Breakthrough` → FileWatcher start and stop functionality" class="Tests\Unit\PeakSprint36BreakthroughTest" classname="Tests.Unit.PeakSprint36BreakthroughTest" assertions="5" time="0.000820"/>
      <testcase name="`Plugin System Enhanced Coverage` → HookManager priority-based execution order" file="Peak Sprint36Breakthrough (P\Tests\Unit\PeakSprint36Breakthrough)::`Plugin System Enhanced Coverage` → HookManager priority-based execution order" class="Tests\Unit\PeakSprint36BreakthroughTest" classname="Tests.Unit.PeakSprint36BreakthroughTest" assertions="2" time="0.000605"/>
      <testcase name="`Plugin System Enhanced Coverage` → PluginManager plugin discovery and loading" file="Peak Sprint36Breakthrough (P\Tests\Unit\PeakSprint36Breakthrough)::`Plugin System Enhanced Coverage` → PluginManager plugin discovery and loading" class="Tests\Unit\PeakSprint36BreakthroughTest" classname="Tests.Unit.PeakSprint36BreakthroughTest" assertions="3" time="0.001350"/>
      <testcase name="`Critical Coverage Breakthrough - Analyzer Modules` → MiddlewareAnalyzer security analysis" file="Peak Sprint36Breakthrough (P\Tests\Unit\PeakSprint36Breakthrough)::`Critical Coverage Breakthrough - Analyzer Modules` → MiddlewareAnalyzer security analysis" class="Tests\Unit\PeakSprint36BreakthroughTest" classname="Tests.Unit.PeakSprint36BreakthroughTest" assertions="5" time="0.000702"/>
      <testcase name="`Critical Coverage Breakthrough - Utility Modules` → YamlGenerator comprehensive YAML operations" file="Peak Sprint36Breakthrough (P\Tests\Unit\PeakSprint36Breakthrough)::`Critical Coverage Breakthrough - Utility Modules` → YamlGenerator comprehensive YAML operations" class="Tests\Unit\PeakSprint36BreakthroughTest" classname="Tests.Unit.PeakSprint36BreakthroughTest" assertions="8" time="0.000653"/>
      <testcase name="`Performance Module Zero Coverage Breakthrough` → PerformanceMonitor constructor and timer functionality" file="Peak Sprint36Breakthrough (P\Tests\Unit\PeakSprint36Breakthrough)::`Performance Module Zero Coverage Breakthrough` → PerformanceMonitor constructor and timer functionality" class="Tests\Unit\PeakSprint36BreakthroughTest" classname="Tests.Unit.PeakSprint36BreakthroughTest" assertions="3" time="0.001871"/>
      <testcase name="`Performance Module Zero Coverage Breakthrough` → IncrementalParser constructor and cache operations" file="Peak Sprint36Breakthrough (P\Tests\Unit\PeakSprint36Breakthrough)::`Performance Module Zero Coverage Breakthrough` → IncrementalParser constructor and cache operations" class="Tests\Unit\PeakSprint36BreakthroughTest" classname="Tests.Unit.PeakSprint36BreakthroughTest" assertions="4" time="0.001568"/>
      <testcase name="`Critical Coverage Breakthrough - Analyzer Modules` → DocBlockParser advanced parsing methods" file="Peak Sprint36Breakthrough (P\Tests\Unit\PeakSprint36Breakthrough)::`Critical Coverage Breakthrough - Analyzer Modules` → DocBlockParser advanced parsing methods" class="Tests\Unit\PeakSprint36BreakthroughTest" classname="Tests.Unit.PeakSprint36BreakthroughTest" assertions="8" time="0.002119"/>
      <testcase name="`Performance Module Zero Coverage Breakthrough` → FileChangeDetector hasFileChanged with real file scenarios" file="Peak Sprint36Breakthrough (P\Tests\Unit\PeakSprint36Breakthrough)::`Performance Module Zero Coverage Breakthrough` → FileChangeDetector hasFileChanged with real file scenarios" class="Tests\Unit\PeakSprint36BreakthroughTest" classname="Tests.Unit.PeakSprint36BreakthroughTest" assertions="2" time="0.000740"/>
      <testcase name="`Critical Coverage Breakthrough - Analyzer Modules` → ModelAnalyzer comprehensive model analysis" file="Peak Sprint36Breakthrough (P\Tests\Unit\PeakSprint36Breakthrough)::`Critical Coverage Breakthrough - Analyzer Modules` → ModelAnalyzer comprehensive model analysis" class="Tests\Unit\PeakSprint36BreakthroughTest" classname="Tests.Unit.PeakSprint36BreakthroughTest" assertions="3" time="0.008218"/>
      <testcase name="`Performance Module Zero Coverage Breakthrough` → IncrementalParser parseFile with incremental logic" file="Peak Sprint36Breakthrough (P\Tests\Unit\PeakSprint36Breakthrough)::`Performance Module Zero Coverage Breakthrough` → IncrementalParser parseFile with incremental logic" class="Tests\Unit\PeakSprint36BreakthroughTest" classname="Tests.Unit.PeakSprint36BreakthroughTest" assertions="2" time="0.036241"/>
    </testsuite>
    <testsuite name="Tests\Unit\UltimateCoverageMaximizationTest" file="Ultimate Coverage Maximization (P\Tests\Unit\UltimateCoverageMaximization)" tests="12" assertions="58" errors="0" failures="0" skipped="0" time="0.244412">
      <testcase name="`Config Module Ultimate Coverage` → ConfigPublisher comprehensive functionality" file="Ultimate Coverage Maximization (P\Tests\Unit\UltimateCoverageMaximization)::`Config Module Ultimate Coverage` → ConfigPublisher comprehensive functionality" class="Tests\Unit\UltimateCoverageMaximizationTest" classname="Tests.Unit.UltimateCoverageMaximizationTest" assertions="2" time="0.005205"/>
      <testcase name="`Service Module Ultimate Coverage` → AssetPublisher comprehensive functionality" file="Ultimate Coverage Maximization (P\Tests\Unit\UltimateCoverageMaximization)::`Service Module Ultimate Coverage` → AssetPublisher comprehensive functionality" class="Tests\Unit\UltimateCoverageMaximizationTest" classname="Tests.Unit.UltimateCoverageMaximizationTest" assertions="2" time="0.000615"/>
      <testcase name="`Advanced Analyzer Module Coverage` → TypeInference comprehensive functionality" file="Ultimate Coverage Maximization (P\Tests\Unit\UltimateCoverageMaximization)::`Advanced Analyzer Module Coverage` → TypeInference comprehensive functionality" class="Tests\Unit\UltimateCoverageMaximizationTest" classname="Tests.Unit.UltimateCoverageMaximizationTest" assertions="3" time="0.001167"/>
      <testcase name="`Advanced Analyzer Module Coverage` → ModelRelationAnalyzer comprehensive functionality" file="Ultimate Coverage Maximization (P\Tests\Unit\UltimateCoverageMaximization)::`Advanced Analyzer Module Coverage` → ModelRelationAnalyzer comprehensive functionality" class="Tests\Unit\UltimateCoverageMaximizationTest" classname="Tests.Unit.UltimateCoverageMaximizationTest" assertions="5" time="0.000908"/>
      <testcase name="`Advanced Analyzer Module Coverage` → ValidateAnnotationAnalyzer comprehensive functionality" file="Ultimate Coverage Maximization (P\Tests\Unit\UltimateCoverageMaximization)::`Advanced Analyzer Module Coverage` → ValidateAnnotationAnalyzer comprehensive functionality" class="Tests\Unit\UltimateCoverageMaximizationTest" classname="Tests.Unit.UltimateCoverageMaximizationTest" assertions="3" time="0.000646"/>
      <testcase name="`Advanced Analyzer Module Coverage` → FileUploadAnalyzer comprehensive functionality" file="Ultimate Coverage Maximization (P\Tests\Unit\UltimateCoverageMaximization)::`Advanced Analyzer Module Coverage` → FileUploadAnalyzer comprehensive functionality" class="Tests\Unit\UltimateCoverageMaximizationTest" classname="Tests.Unit.UltimateCoverageMaximizationTest" assertions="7" time="0.000792"/>
      <testcase name="`Advanced Analyzer Module Coverage` → AnnotationRouteAnalyzer comprehensive functionality" file="Ultimate Coverage Maximization (P\Tests\Unit\UltimateCoverageMaximization)::`Advanced Analyzer Module Coverage` → AnnotationRouteAnalyzer comprehensive functionality" class="Tests\Unit\UltimateCoverageMaximizationTest" classname="Tests.Unit.UltimateCoverageMaximizationTest" assertions="5" time="0.001415"/>
      <testcase name="`Generator Module Ultimate Coverage` → ModelSchemaGenerator comprehensive functionality" file="Ultimate Coverage Maximization (P\Tests\Unit\UltimateCoverageMaximization)::`Generator Module Ultimate Coverage` → ModelSchemaGenerator comprehensive functionality" class="Tests\Unit\UltimateCoverageMaximizationTest" classname="Tests.Unit.UltimateCoverageMaximizationTest" assertions="2" time="0.001154"/>
      <testcase name="`Adapter Module Ultimate Coverage` → ControllerParser comprehensive functionality" file="Ultimate Coverage Maximization (P\Tests\Unit\UltimateCoverageMaximization)::`Adapter Module Ultimate Coverage` → ControllerParser comprehensive functionality" class="Tests\Unit\UltimateCoverageMaximizationTest" classname="Tests.Unit.UltimateCoverageMaximizationTest" assertions="2" time="0.000862"/>
      <testcase name="`Adapter Module Ultimate Coverage` → MiddlewareHandler comprehensive functionality" file="Ultimate Coverage Maximization (P\Tests\Unit\UltimateCoverageMaximization)::`Adapter Module Ultimate Coverage` → MiddlewareHandler comprehensive functionality" class="Tests\Unit\UltimateCoverageMaximizationTest" classname="Tests.Unit.UltimateCoverageMaximizationTest" assertions="9" time="0.000864"/>
      <testcase name="`Console Module Ultimate Coverage` → ScrambleCommand comprehensive functionality" file="Ultimate Coverage Maximization (P\Tests\Unit\UltimateCoverageMaximization)::`Console Module Ultimate Coverage` → ScrambleCommand comprehensive functionality" class="Tests\Unit\UltimateCoverageMaximizationTest" classname="Tests.Unit.UltimateCoverageMaximizationTest" assertions="6" time="0.016271"/>
      <testcase name="`Generator Module Ultimate Coverage` → OpenApiGenerator comprehensive functionality" file="Ultimate Coverage Maximization (P\Tests\Unit\UltimateCoverageMaximization)::`Generator Module Ultimate Coverage` → OpenApiGenerator comprehensive functionality" class="Tests\Unit\UltimateCoverageMaximizationTest" classname="Tests.Unit.UltimateCoverageMaximizationTest" assertions="12" time="0.214512"/>
    </testsuite>
    <testsuite name="Tests\Unit\FinalCoverage30PercentSprintTest" file="Final Coverage30Percent Sprint (P\Tests\Unit\FinalCoverage30PercentSprint)" tests="16" assertions="94" errors="0" failures="0" skipped="0" time="0.091108">
      <testcase name="`Exception Module Complete Coverage` → AnalysisException comprehensive functionality" file="Final Coverage30Percent Sprint (P\Tests\Unit\FinalCoverage30PercentSprint)::`Exception Module Complete Coverage` → AnalysisException comprehensive functionality" class="Tests\Unit\FinalCoverage30PercentSprintTest" classname="Tests.Unit.FinalCoverage30PercentSprintTest" assertions="5" time="0.003494"/>
      <testcase name="`Exception Module Complete Coverage` → CacheException comprehensive functionality" file="Final Coverage30Percent Sprint (P\Tests\Unit\FinalCoverage30PercentSprint)::`Exception Module Complete Coverage` → CacheException comprehensive functionality" class="Tests\Unit\FinalCoverage30PercentSprintTest" classname="Tests.Unit.FinalCoverage30PercentSprintTest" assertions="4" time="0.000584"/>
      <testcase name="`Exception Module Complete Coverage` → GenerationException comprehensive functionality" file="Final Coverage30Percent Sprint (P\Tests\Unit\FinalCoverage30PercentSprint)::`Exception Module Complete Coverage` → GenerationException comprehensive functionality" class="Tests\Unit\FinalCoverage30PercentSprintTest" classname="Tests.Unit.FinalCoverage30PercentSprintTest" assertions="4" time="0.000554"/>
      <testcase name="`Adapter Module Extended Coverage` → ValidatorIntegration comprehensive functionality" file="Final Coverage30Percent Sprint (P\Tests\Unit\FinalCoverage30PercentSprint)::`Adapter Module Extended Coverage` → ValidatorIntegration comprehensive functionality" class="Tests\Unit\FinalCoverage30PercentSprintTest" classname="Tests.Unit.FinalCoverage30PercentSprintTest" assertions="2" time="0.000575"/>
      <testcase name="`Command Module Complete Coverage` → GenerateCommand comprehensive functionality" file="Final Coverage30Percent Sprint (P\Tests\Unit\FinalCoverage30PercentSprint)::`Command Module Complete Coverage` → GenerateCommand comprehensive functionality" class="Tests\Unit\FinalCoverage30PercentSprintTest" classname="Tests.Unit.FinalCoverage30PercentSprintTest" assertions="5" time="0.003659"/>
      <testcase name="`Exception Module Complete Coverage` → ScrambleException comprehensive functionality" file="Final Coverage30Percent Sprint (P\Tests\Unit\FinalCoverage30PercentSprint)::`Exception Module Complete Coverage` → ScrambleException comprehensive functionality" class="Tests\Unit\FinalCoverage30PercentSprintTest" classname="Tests.Unit.FinalCoverage30PercentSprintTest" assertions="9" time="0.000702"/>
      <testcase name="`Exception Module Complete Coverage` → ConfigException comprehensive functionality" file="Final Coverage30Percent Sprint (P\Tests\Unit\FinalCoverage30PercentSprint)::`Exception Module Complete Coverage` → ConfigException comprehensive functionality" class="Tests\Unit\FinalCoverage30PercentSprintTest" classname="Tests.Unit.FinalCoverage30PercentSprintTest" assertions="4" time="0.000551"/>
      <testcase name="`Exception Module Complete Coverage` → PerformanceException comprehensive functionality" file="Final Coverage30Percent Sprint (P\Tests\Unit\FinalCoverage30PercentSprint)::`Exception Module Complete Coverage` → PerformanceException comprehensive functionality" class="Tests\Unit\FinalCoverage30PercentSprintTest" classname="Tests.Unit.FinalCoverage30PercentSprintTest" assertions="4" time="0.000548"/>
      <testcase name="`Adapter Module Extended Coverage` → MultiAppSupport comprehensive functionality" file="Final Coverage30Percent Sprint (P\Tests\Unit\FinalCoverage30PercentSprint)::`Adapter Module Extended Coverage` → MultiAppSupport comprehensive functionality" class="Tests\Unit\FinalCoverage30PercentSprintTest" classname="Tests.Unit.FinalCoverage30PercentSprintTest" assertions="2" time="0.001670"/>
      <testcase name="`Type System Complete Coverage` → Type base class comprehensive functionality" file="Final Coverage30Percent Sprint (P\Tests\Unit\FinalCoverage30PercentSprint)::`Type System Complete Coverage` → Type base class comprehensive functionality" class="Tests\Unit\FinalCoverage30PercentSprintTest" classname="Tests.Unit.FinalCoverage30PercentSprintTest" assertions="8" time="0.000704"/>
      <testcase name="`Type System Complete Coverage` → ArrayType comprehensive functionality" file="Final Coverage30Percent Sprint (P\Tests\Unit\FinalCoverage30PercentSprint)::`Type System Complete Coverage` → ArrayType comprehensive functionality" class="Tests\Unit\FinalCoverage30PercentSprintTest" classname="Tests.Unit.FinalCoverage30PercentSprintTest" assertions="11" time="0.000684"/>
      <testcase name="`Type System Complete Coverage` → UnionType comprehensive functionality" file="Final Coverage30Percent Sprint (P\Tests\Unit\FinalCoverage30PercentSprint)::`Type System Complete Coverage` → UnionType comprehensive functionality" class="Tests\Unit\FinalCoverage30PercentSprintTest" classname="Tests.Unit.FinalCoverage30PercentSprintTest" assertions="17" time="0.001306"/>
      <testcase name="`Command Module Complete Coverage` → ExportCommand comprehensive functionality" file="Final Coverage30Percent Sprint (P\Tests\Unit\FinalCoverage30PercentSprint)::`Command Module Complete Coverage` → ExportCommand comprehensive functionality" class="Tests\Unit\FinalCoverage30PercentSprintTest" classname="Tests.Unit.FinalCoverage30PercentSprintTest" assertions="5" time="0.002407"/>
      <testcase name="`Service Provider Complete Coverage` → ScrambleServiceProvider comprehensive functionality" file="Final Coverage30Percent Sprint (P\Tests\Unit\FinalCoverage30PercentSprint)::`Service Provider Complete Coverage` → ScrambleServiceProvider comprehensive functionality" class="Tests\Unit\FinalCoverage30PercentSprintTest" classname="Tests.Unit.FinalCoverage30PercentSprintTest" assertions="4" time="0.001319"/>
      <testcase name="`Command Module Complete Coverage` → PublishCommand comprehensive functionality" file="Final Coverage30Percent Sprint (P\Tests\Unit\FinalCoverage30PercentSprint)::`Command Module Complete Coverage` → PublishCommand comprehensive functionality" class="Tests\Unit\FinalCoverage30PercentSprintTest" classname="Tests.Unit.FinalCoverage30PercentSprintTest" assertions="5" time="0.001122"/>
      <testcase name="`Adapter Module Extended Coverage` → RouteAnalyzer comprehensive functionality" file="Final Coverage30Percent Sprint (P\Tests\Unit\FinalCoverage30PercentSprint)::`Adapter Module Extended Coverage` → RouteAnalyzer comprehensive functionality" class="Tests\Unit\FinalCoverage30PercentSprintTest" classname="Tests.Unit.FinalCoverage30PercentSprintTest" assertions="5" time="0.071229"/>
    </testsuite>
    <testsuite name="Tests\Unit\Ultimate30PercentCoverageSprintTest" file="Ultimate30Percent Coverage Sprint (P\Tests\Unit\Ultimate30PercentCoverageSprint)" tests="8" assertions="104" errors="0" failures="0" skipped="0" time="0.015083">
      <testcase name="`Contracts Interface Complete Coverage` → ConfigInterface contract validation" file="Ultimate30Percent Coverage Sprint (P\Tests\Unit\Ultimate30PercentCoverageSprint)::`Contracts Interface Complete Coverage` → ConfigInterface contract validation" class="Tests\Unit\Ultimate30PercentCoverageSprintTest" classname="Tests.Unit.Ultimate30PercentCoverageSprintTest" assertions="12" time="0.003683"/>
      <testcase name="`Advanced Type System Coverage` → ScalarType comprehensive functionality" file="Ultimate30Percent Coverage Sprint (P\Tests\Unit\Ultimate30PercentCoverageSprint)::`Advanced Type System Coverage` → ScalarType comprehensive functionality" class="Tests\Unit\Ultimate30PercentCoverageSprintTest" classname="Tests.Unit.Ultimate30PercentCoverageSprintTest" assertions="18" time="0.000606"/>
      <testcase name="`Utils Module Complete Coverage` → YamlGenerator comprehensive functionality" file="Ultimate30Percent Coverage Sprint (P\Tests\Unit\Ultimate30PercentCoverageSprint)::`Utils Module Complete Coverage` → YamlGenerator comprehensive functionality" class="Tests\Unit\Ultimate30PercentCoverageSprintTest" classname="Tests.Unit.Ultimate30PercentCoverageSprintTest" assertions="19" time="0.000611"/>
      <testcase name="`Contracts Interface Complete Coverage` → PluginInterface contract validation" file="Ultimate30Percent Coverage Sprint (P\Tests\Unit\Ultimate30PercentCoverageSprint)::`Contracts Interface Complete Coverage` → PluginInterface contract validation" class="Tests\Unit\Ultimate30PercentCoverageSprintTest" classname="Tests.Unit.Ultimate30PercentCoverageSprintTest" assertions="14" time="0.001249"/>
      <testcase name="`Contracts Interface Complete Coverage` → CacheInterface contract validation" file="Ultimate30Percent Coverage Sprint (P\Tests\Unit\Ultimate30PercentCoverageSprint)::`Contracts Interface Complete Coverage` → CacheInterface contract validation" class="Tests\Unit\Ultimate30PercentCoverageSprintTest" classname="Tests.Unit.Ultimate30PercentCoverageSprintTest" assertions="15" time="0.000468"/>
      <testcase name="`Contracts Interface Complete Coverage` → AnalyzerInterface contract validation" file="Ultimate30Percent Coverage Sprint (P\Tests\Unit\Ultimate30PercentCoverageSprint)::`Contracts Interface Complete Coverage` → AnalyzerInterface contract validation" class="Tests\Unit\Ultimate30PercentCoverageSprintTest" classname="Tests.Unit.Ultimate30PercentCoverageSprintTest" assertions="10" time="0.000420"/>
      <testcase name="`Core Scramble Class Complete Coverage` → Scramble main class comprehensive functionality" file="Ultimate30Percent Coverage Sprint (P\Tests\Unit\Ultimate30PercentCoverageSprint)::`Core Scramble Class Complete Coverage` → Scramble main class comprehensive functionality" class="Tests\Unit\Ultimate30PercentCoverageSprintTest" classname="Tests.Unit.Ultimate30PercentCoverageSprintTest" assertions="8" time="0.001320"/>
      <testcase name="`Contracts Interface Complete Coverage` → GeneratorInterface contract validation" file="Ultimate30Percent Coverage Sprint (P\Tests\Unit\Ultimate30PercentCoverageSprint)::`Contracts Interface Complete Coverage` → GeneratorInterface contract validation" class="Tests\Unit\Ultimate30PercentCoverageSprintTest" classname="Tests.Unit.Ultimate30PercentCoverageSprintTest" assertions="8" time="0.006726"/>
    </testsuite>
  </testsuite>
</testsuites>
